<?xml version="1.0" encoding="UTF-8"?>
<!-- Generated by org.testng.reporters.JUnitReportReporter -->
<testsuite hostname="CeridianC6xGlim" failures="0" tests="7" name="tests.RegisterPatientTest" time="7.296" errors="0" timestamp="2025-04-02T16:13:23 IST" skipped="0">
  <testcase classname="tests.RegisterPatientTest" name="NavigateToRegister" time="5.746"/>
  <testcase classname="tests.RegisterPatientTest" name="EnterName" time="0.262"/>
  <testcase classname="tests.RegisterPatientTest" name="SelectGender" time="0.225"/>
  <testcase classname="tests.RegisterPatientTest" name="EnterDob" time="0.539"/>
  <testcase classname="tests.RegisterPatientTest" name="EnterAddress" time="0.191"/>
  <testcase classname="tests.RegisterPatientTest" name="EnterNumber" time="0.331"/>
  <testcase classname="tests.RegisterPatientTest" name="ValidateSuccess" time="0.002"/>
</testsuite> <!-- tests.RegisterPatientTest -->
