<?xml version="1.0" encoding="UTF-8"?>
<!-- Generated by org.testng.reporters.JUnitReportReporter -->
<testsuite hostname="CeridianC6xGlim" failures="0" tests="3" name="tests.LoginTest" time="6.708" errors="0" timestamp="2025-04-02T16:13:23 IST" skipped="0">
  <testcase classname="tests.LoginTest" name="InvalidLogin" time="1.796"/>
  <testcase classname="tests.LoginTest" name="BlankLogin" time="1.901"/>
  <testcase classname="tests.LoginTest" name="ValidLogin" time="3.011"/>
</testsuite> <!-- tests.LoginTest -->
